Aphelocoma	MCZ_orn_366494.hap2.h2tg001175l	99.647	19876	19594	minus
Aphelocoma	MCZ_orn_366494.hap2.h2tg000560l	99.301	5453	5738	plus
Aphelocoma	MCZ_orn_366494.hap2.h2tg000560l	99.301	18085	18370	plus
Aphelocoma	MCZ_orn_366494.hap2.h2tg000560l	99.301	38462	38747	plus
Aphelocoma	MCZ_orn_366494.hap2.h2tg000560l	99.301	69228	69513	plus
Aphelocoma	MCZ_orn_366494.hap2.h2tg000560l	99.301	112022	112307	plus
Aphelocoma	MCZ_orn_366494.hap2.h2tg000560l	99.301	166744	167029	plus
Aphelocoma	MCZ_orn_366494.hap2.h2tg000560l	99.647	188595	188313	minus
Aphelocoma	MCZ_orn_366494.hap2.h2tg000560l	99.647	239242	238960	minus
Aphelocoma	MCZ_orn_366494.hap2.h2tg000560l	98.951	125219	125504	plus
Aphelocoma	MCZ_orn_366494.hap2.h2tg000560l	99.293	260540	260258	minus
Aphelocoma	MCZ_orn_366494.hap1.h1tg001250l	99.647	19876	19594	minus
Aphelocoma	MCZ_orn_366494.hap1.h1tg000827l	99.301	9541	9826	plus
Aphelocoma	MCZ_orn_366494.hap1.h1tg000827l	99.301	22592	22877	plus
Aphelocoma	MCZ_orn_366494.hap1.h1tg000827l	99.647	41490	41208	minus
Aphelocoma	MCZ_orn_366494.hap1.h1tg000827l	99.647	105020	104738	minus
Aphelocoma	MCZ_orn_366494.hap1.h1tg000827l	99.647	124122	123840	minus
Aphelocoma	MCZ_orn_366494.hap1.h1tg000827l	99.647	145595	145313	minus
Aphelocoma	MCZ_orn_366494.hap1.h1tg000827l	99.647	164740	164458	minus
Aphelocoma	MCZ_orn_366493.hap2.h2tg000471l	99.301	9606	9891	plus
Aphelocoma	MCZ_orn_366493.hap2.h2tg000471l	99.301	28175	28460	plus
Aphelocoma	MCZ_orn_366493.hap2.h2tg000471l	99.301	57711	57996	plus
Aphelocoma	MCZ_orn_366493.hap2.h2tg000471l	99.301	71461	71746	plus
Aphelocoma	MCZ_orn_366493.hap2.h2tg000471l	99.301	101717	102002	plus
Aphelocoma	MCZ_orn_366493.hap2.h2tg000471l	99.647	133788	133506	minus
Aphelocoma	MCZ_orn_366493.hap2.h2tg000471l	98.955	114695	114981	plus
Aphelocoma	MCZ_orn_366493.hap2.h2tg000471l	99.293	157405	157123	minus
Aphelocoma	MCZ_orn_366493.hap2.h2tg000471l	99.293	217260	216978	minus
Aphelocoma	MCZ_orn_366493.hap1.h1tg000074l	99.301	11796	12081	plus
Aphelocoma	MCZ_orn_366493.hap1.h1tg000074l	99.301	19917	20202	plus
Aphelocoma	MCZ_orn_366493.hap1.h1tg000074l	99.301	39785	40070	plus
Aphelocoma	MCZ_orn_366493.hap1.h1tg000074l	99.301	53502	53787	plus
Aphelocoma	MCZ_orn_366493.hap1.h1tg000074l	99.647	143749	143467	minus
Aphelocoma	MCZ_orn_366493.hap1.h1tg000074l	99.647	158786	158504	minus
Aphelocoma	MCZ_orn_366493.hap1.h1tg000074l	99.647	189269	188987	minus
Aphelocoma	MCZ_orn_366493.hap1.h1tg000074l	99.647	208152	207870	minus
Aphelocoma	MCZ_orn_366493.hap1.h1tg000074l	99.647	223197	222915	minus
Aphelocoma	MCZ_orn_366493.hap1.h1tg000074l	99.647	254605	254323	minus
Aphelocoma	MCZ_orn_366493.hap1.h1tg000074l	99.293	101711	101429	minus
Aphelocoma	MCZ_orn_366493.hap1.h1tg000074l	99.293	320436	320154	minus
Aphelocoma	MCZ_orn_366493.hap1.h1tg000074l	99.293	335126	334844	minus
Aphelocoma	MCZ_orn_366493.hap1.h1tg000074l	98.587	81320	81041	minus
Aphelocoma	MCZ_orn_366490.hap2.h2tg000870l	99.301	115507	115792	plus
Aphelocoma	MCZ_orn_366490.hap2.h2tg000870l	99.301	130874	131159	plus
Aphelocoma	MCZ_orn_366490.hap2.h2tg000870l	99.301	192813	193098	plus
Aphelocoma	MCZ_orn_366490.hap2.h2tg000870l	99.647	211907	211625	minus
Aphelocoma	MCZ_orn_366490.hap2.h2tg000870l	99.647	249404	249122	minus
Aphelocoma	MCZ_orn_366490.hap1.h1tg000470l	99.301	19505	19790	plus
Aphelocoma	MCZ_orn_366490.hap1.h1tg000470l	99.301	47083	47368	plus
Aphelocoma	MCZ_orn_366490.hap1.h1tg000470l	99.301	59714	59999	plus
Aphelocoma	MCZ_orn_366490.hap1.h1tg000470l	99.301	80088	80373	plus
Aphelocoma	MCZ_orn_366490.hap1.h1tg000470l	99.301	110852	111137	plus
Aphelocoma	MCZ_orn_366490.hap1.h1tg000470l	99.301	153646	153931	plus
Aphelocoma	MCZ_orn_366490.hap1.h1tg000470l	99.301	208366	208651	plus
Aphelocoma	MCZ_orn_366490.hap1.h1tg000470l	99.647	230216	229934	minus
Aphelocoma	MCZ_orn_366490.hap1.h1tg000470l	99.647	280863	280581	minus
Aphelocoma	MCZ_orn_366490.hap1.h1tg000470l	98.951	166843	167128	plus
Aphelocoma	MCZ_orn_366490.hap1.h1tg000470l	99.293	296098	295816	minus
Aphelocoma	MCZ_orn_365338.hap2.h2tg000683l	99.647	112642	112360	minus
Aphelocoma	MCZ_orn_365338.hap2.h2tg000683l	99.647	124296	124014	minus
Aphelocoma	MCZ_orn_365338.hap2.h2tg000683l	99.647	152327	152045	minus
Aphelocoma	MCZ_orn_365338.hap2.h2tg000683l	99.647	187851	187569	minus
Aphelocoma	MCZ_orn_365338.hap2.h2tg000683l	99.647	216392	216110	minus
Aphelocoma	MCZ_orn_365338.hap2.h2tg000683l	99.647	265472	265190	minus
Aphelocoma	MCZ_orn_365338.hap2.h2tg000683l	98.951	85383	85668	plus
Aphelocoma	MCZ_orn_365338.hap2.h2tg000683l	98.951	97880	98165	plus
Aphelocoma	MCZ_orn_365338.hap2.h2tg000683l	100.000	237680	237607	minus
Aphelocoma	MCZ_orn_365338.hap1.h1tg000795l	99.301	83246	83531	plus
Aphelocoma	MCZ_orn_365338.hap1.h1tg000795l	99.301	108260	108545	plus
Aphelocoma	MCZ_orn_365338.hap1.h1tg000795l	99.647	170436	170154	minus
Aphelocoma	MCZ_orn_365338.hap1.h1tg000795l	99.647	195270	194988	minus
Aphelocoma	MCZ_orn_365338.hap1.h1tg000795l	99.647	224873	224591	minus
Aphelocoma	MCZ_orn_365338.hap1.h1tg000795l	98.955	128158	128444	plus
Aphelocoma	MCZ_orn_365326.hap2.h2tg000420l	99.301	61445	61730	plus
Aphelocoma	MCZ_orn_365326.hap2.h2tg000420l	99.301	88782	89067	plus
Aphelocoma	MCZ_orn_365326.hap2.h2tg000420l	99.647	129074	128792	minus
Aphelocoma	MCZ_orn_365326.hap2.h2tg000420l	99.647	190549	190267	minus
Aphelocoma	MCZ_orn_365326.hap2.h2tg000420l	99.647	223558	223276	minus
Aphelocoma	MCZ_orn_365326.hap2.h2tg000420l	99.293	141546	141264	minus
Aphelocoma	MCZ_orn_365326.hap2.h2tg000420l	99.293	162809	162527	minus
Aphelocoma	MCZ_orn_365326.hap2.h2tg000420l	99.293	204256	203974	minus
Aphelocoma	MCZ_orn_365326.hap1.h1tg000679l	99.301	74086	74371	plus
Aphelocoma	MCZ_orn_365326.hap1.h1tg000679l	99.301	106605	106890	plus
Aphelocoma	MCZ_orn_365326.hap1.h1tg000679l	99.301	120270	120555	plus
Aphelocoma	MCZ_orn_365326.hap1.h1tg000679l	99.301	128265	128550	plus
Aphelocoma	MCZ_orn_365326.hap1.h1tg000679l	99.301	147207	147492	plus
Aphelocoma	MCZ_orn_365326.hap1.h1tg000679l	99.301	177124	177409	plus
Aphelocoma	MCZ_orn_365326.hap1.h1tg000679l	99.301	261157	261442	plus
Aphelocoma	MCZ_orn_365326.hap1.h1tg000679l	99.301	280879	281164	plus
Aphelocoma	MCZ_orn_365326.hap1.h1tg000679l	99.301	295121	295406	plus
Aphelocoma	MCZ_orn_365326.hap1.h1tg000679l	99.647	309758	309476	minus
Aphelocoma	MCZ_orn_365326.hap1.h1tg000679l	99.647	341632	341350	minus
Aphelocoma	MCZ_orn_365326.hap1.h1tg000679l	98.951	88559	88844	plus
Aphelocoma	MCZ_orn_365326.hap1.h1tg000679l	98.951	197823	198108	plus
Aphelocoma	MCZ_orn_365326.hap1.h1tg000679l	99.293	324832	324550	minus
Aphelocoma	MCZ_Orn_366499.hap2.h2tg000716l	99.301	12882	13167	plus
Aphelocoma	MCZ_Orn_366499.hap2.h2tg000716l	99.301	37606	37891	plus
Aphelocoma	MCZ_Orn_366499.hap2.h2tg000716l	99.647	59203	58921	minus
Aphelocoma	MCZ_Orn_366499.hap2.h2tg000716l	99.647	88575	88293	minus
Aphelocoma	MCZ_Orn_366499.hap2.h2tg000716l	98.955	4324	4610	plus
Aphelocoma	MCZ_Orn_366499.hap1.h1tg000595l	99.301	9439	9724	plus
Aphelocoma	MCZ_Orn_366499.hap1.h1tg000595l	99.301	21577	21862	plus
Aphelocoma	MCZ_Orn_366499.hap1.h1tg000595l	99.647	51148	50866	minus
Aphelocoma	MCZ_Orn_366499.hap1.h1tg000595l	99.647	83670	83388	minus
Aphelocoma	MCZ_Orn_366499.hap1.h1tg000595l	99.647	102770	102488	minus
Aphelocoma	MCZ_Orn_366499.hap1.h1tg000595l	99.647	163822	163540	minus
Aphelocoma	MCZ_Orn_366499.hap1.h1tg000595l	99.647	193006	192724	minus
Aphelocoma	MCZ_Orn_366499.hap1.h1tg000595l	99.293	134497	134215	minus
Aphelocoma	MCZ_Orn_366498.hap2.h2tg000086l	99.301	43060	43345	plus
Aphelocoma	MCZ_Orn_366498.hap2.h2tg000086l	99.301	61761	62046	plus
Aphelocoma	MCZ_Orn_366498.hap2.h2tg000086l	99.301	93420	93705	plus
Aphelocoma	MCZ_Orn_366498.hap2.h2tg000086l	99.301	117791	118076	plus
Aphelocoma	MCZ_Orn_366498.hap2.h2tg000086l	99.301	170314	170599	plus
Aphelocoma	MCZ_Orn_366498.hap2.h2tg000086l	99.301	197074	197359	plus
Aphelocoma	MCZ_Orn_366498.hap2.h2tg000086l	99.301	245545	245830	plus
Aphelocoma	MCZ_Orn_366498.hap2.h2tg000086l	99.647	278024	277742	minus
Aphelocoma	MCZ_Orn_366498.hap2.h2tg000086l	99.647	297899	297617	minus
Aphelocoma	MCZ_Orn_366498.hap2.h2tg000086l	98.951	217532	217817	plus
Aphelocoma	MCZ_Orn_366498.hap2.h2tg000086l	98.601	131587	131872	plus
Aphelocoma	MCZ_Orn_366498.hap1.h1tg000659l	99.301	56420	56705	plus
Aphelocoma	MCZ_Orn_366498.hap1.h1tg000659l	99.301	111147	111432	plus
Aphelocoma	MCZ_Orn_366498.hap1.h1tg000659l	99.301	142768	143053	plus
Aphelocoma	MCZ_Orn_366498.hap1.h1tg000659l	99.301	150725	151010	plus
Aphelocoma	MCZ_Orn_366498.hap1.h1tg000659l	99.647	191015	190733	minus
Aphelocoma	MCZ_Orn_366498.hap1.h1tg000659l	99.647	209878	209596	minus
Aphelocoma	MCZ_Orn_366498.hap1.h1tg000659l	99.647	267076	266794	minus
Aphelocoma	MCZ_Orn_366498.hap1.h1tg000659l	99.647	292098	291816	minus
Aphelocoma	MCZ_Orn_366498.hap1.h1tg000659l	99.647	311450	311168	minus
Aphelocoma	MCZ_Orn_366498.hap1.h1tg000659l	98.955	95951	96237	plus
Aphelocoma	MCZ_Orn_366498.hap1.h1tg000659l	99.293	224953	224671	minus
Aphelocoma	MCZ_Orn_366488.hap2.h2tg000790l	99.301	14420	14705	plus
Aphelocoma	MCZ_Orn_366488.hap2.h2tg000790l	99.301	34305	34590	plus
Aphelocoma	MCZ_Orn_366488.hap2.h2tg000790l	99.647	57187	56905	minus
Aphelocoma	MCZ_Orn_366488.hap2.h2tg000790l	99.647	70156	69874	minus
Aphelocoma	MCZ_Orn_366488.hap2.h2tg000790l	99.293	84728	84446	minus
Aphelocoma	MCZ_Orn_366488.hap2.h2tg000790l	98.819	3	256	plus
Aphelocoma	MCZ_Orn_366488.hap2.h2tg000702l	99.647	58002	57720	minus
Aphelocoma	MCZ_Orn_366488.hap2.h2tg000702l	99.647	87187	86905	minus
Aphelocoma	MCZ_Orn_366488.hap2.h2tg000702l	99.647	101100	100818	minus
Aphelocoma	MCZ_Orn_366488.hap2.h2tg000702l	99.647	133493	133211	minus
Aphelocoma	MCZ_Orn_366488.hap2.h2tg000702l	99.647	145747	145465	minus
Aphelocoma	MCZ_Orn_366488.hap2.h2tg000702l	99.647	177752	177470	minus
Aphelocoma	MCZ_Orn_366488.hap2.h2tg000702l	99.293	28067	27785	minus
Aphelocoma	MCZ_Orn_366488.hap1.h1tg000975l	99.647	26531	26249	minus
Aphelocoma	MCZ_Orn_366488.hap1.h1tg000975l	99.647	49224	48942	minus
Aphelocoma	MCZ_Orn_366488.hap1.h1tg000975l	99.293	34753	34471	minus
Aphelocoma	MCZ_Orn_366488.hap1.h1tg000975l	98.258	1060	1345	plus
Aphelocoma	MCZ_Orn_366488.hap1.h1tg000843l	99.301	14420	14705	plus
Aphelocoma	MCZ_Orn_366488.hap1.h1tg000843l	99.301	34305	34590	plus
Aphelocoma	MCZ_Orn_366488.hap1.h1tg000843l	99.647	57187	56905	minus
Aphelocoma	MCZ_Orn_366488.hap1.h1tg000843l	99.647	70156	69874	minus
Aphelocoma	MCZ_Orn_366488.hap1.h1tg000843l	99.293	84728	84446	minus
Aphelocoma	MCZ_Orn_366488.hap1.h1tg000843l	98.819	3	256	plus
Aphelocoma	MCZ_Orn_366488.hap1.h1tg000427l	99.301	81266	81551	plus
Aphelocoma	MCZ_Orn_366488.hap1.h1tg000427l	99.301	131987	132272	plus
Aphelocoma	MCZ_Orn_366488.hap1.h1tg000427l	99.301	151087	151372	plus
Aphelocoma	MCZ_Orn_366488.hap1.h1tg000427l	99.301	195550	195835	plus
Aphelocoma	MCZ_Orn_366488.hap1.h1tg000427l	98.951	100260	100545	plus
Aphelocoma	MCZ_Orn_366487.hap2.h2tg000648l	99.301	82207	82492	plus
Aphelocoma	MCZ_Orn_366487.hap2.h2tg000648l	99.301	105942	106227	plus
Aphelocoma	MCZ_Orn_366487.hap2.h2tg000648l	99.301	130294	130579	plus
Aphelocoma	MCZ_Orn_366487.hap2.h2tg000648l	99.301	164757	165042	plus
Aphelocoma	MCZ_Orn_366487.hap2.h2tg000648l	99.647	185996	185714	minus
Aphelocoma	MCZ_Orn_366487.hap2.h2tg000648l	99.647	223718	223436	minus
Aphelocoma	MCZ_Orn_366487.hap2.h2tg000648l	99.647	254107	253825	minus
Aphelocoma	MCZ_Orn_366487.hap1.h1tg000607l	99.301	13590	13875	plus
Aphelocoma	MCZ_Orn_366487.hap1.h1tg000607l	99.301	34650	34935	plus
Aphelocoma	MCZ_Orn_366487.hap1.h1tg000607l	99.301	48326	48611	plus
Aphelocoma	MCZ_Orn_366487.hap1.h1tg000607l	99.301	69210	69495	plus
Aphelocoma	MCZ_Orn_366487.hap1.h1tg000607l	99.647	94801	94519	minus
Aphelocoma	MCZ_Orn_366487.hap1.h1tg000607l	99.647	152969	152687	minus
Aphelocoma	MCZ_Orn_366487.hap1.h1tg000607l	99.647	177055	176773	minus
Aphelocoma	MCZ_Orn_366487.hap1.h1tg000607l	99.647	185805	185523	minus
Aphelocoma	MCZ_Orn_366487.hap1.h1tg000607l	99.647	204939	204657	minus
Aphelocoma	MCZ_Orn_366487.hap1.h1tg000607l	99.647	236593	236311	minus
Aphelocoma	MCZ_Orn_366487.hap1.h1tg000607l	99.647	255950	255668	minus
Aphelocoma	MCZ_Orn_365337.hap2.h2tg000701l	99.301	68106	68391	plus
Aphelocoma	MCZ_Orn_365337.hap2.h2tg000701l	99.647	117590	117308	minus
Aphelocoma	MCZ_Orn_365337.hap2.h2tg000701l	99.647	146964	146682	minus
Aphelocoma	MCZ_Orn_365337.hap2.h2tg000701l	99.647	160750	160468	minus
Aphelocoma	MCZ_Orn_365337.hap2.h2tg000701l	99.647	205960	205678	minus
Aphelocoma	MCZ_Orn_365337.hap2.h2tg000701l	99.647	219528	219246	minus
Aphelocoma	MCZ_Orn_365337.hap2.h2tg000701l	99.647	249409	249127	minus
Aphelocoma	MCZ_Orn_365337.hap2.h2tg000701l	99.293	191972	191690	minus
Aphelocoma	MCZ_Orn_365337.hap1.h1tg000802l	99.301	50858	51143	plus
Aphelocoma	MCZ_Orn_365337.hap1.h1tg000802l	99.301	83348	83633	plus
Aphelocoma	MCZ_Orn_365337.hap1.h1tg000802l	99.301	97484	97769	plus
Aphelocoma	MCZ_Orn_365337.hap1.h1tg000802l	99.647	118223	117941	minus
Aphelocoma	MCZ_Orn_365337.hap1.h1tg000802l	98.951	43179	43464	plus
Aphelocoma	MCZ_Orn_365337.hap1.h1tg000802l	99.293	110429	110147	minus
Aphelocoma	MCZ_Orn_365337.hap1.h1tg000802l	99.293	163197	162915	minus
Aphelocoma	MCZ_Orn_365337.hap1.h1tg000802l	99.293	180052	179770	minus
Aphelocoma	MCZ_Orn_365336.hap2.h2tg000455l	99.301	91126	91411	plus
Aphelocoma	MCZ_Orn_365336.hap2.h2tg000455l	99.301	154081	154366	plus
Aphelocoma	MCZ_Orn_365336.hap2.h2tg000455l	99.301	166646	166931	plus
Aphelocoma	MCZ_Orn_365336.hap2.h2tg000455l	99.647	218811	218529	minus
Aphelocoma	MCZ_Orn_365336.hap2.h2tg000455l	99.647	233368	233086	minus
Aphelocoma	MCZ_Orn_365336.hap2.h2tg000455l	99.647	252477	252195	minus
Aphelocoma	MCZ_Orn_365336.hap1.h1tg000632l	99.301	83000	83285	plus
Aphelocoma	MCZ_Orn_365336.hap1.h1tg000632l	99.301	113178	113463	plus
Aphelocoma	MCZ_Orn_365336.hap1.h1tg000632l	99.301	126747	127032	plus
Aphelocoma	MCZ_Orn_365336.hap1.h1tg000632l	99.301	140588	140873	plus
Aphelocoma	MCZ_Orn_365336.hap1.h1tg000632l	99.647	184167	183885	minus
Aphelocoma	MCZ_Orn_365336.hap1.h1tg000632l	99.647	203448	203166	minus
Aphelocoma	MCZ_Orn_365336.hap1.h1tg000632l	98.951	159826	160111	plus
Aphelocoma	MCZ_Orn_365335.hap2.h2tg001438l	99.301	30205	30490	plus
Aphelocoma	MCZ_Orn_365335.hap2.h2tg000459l	99.301	91172	91457	plus
Aphelocoma	MCZ_Orn_365335.hap2.h2tg000459l	99.301	125289	125574	plus
Aphelocoma	MCZ_Orn_365335.hap2.h2tg000459l	99.301	145535	145820	plus
Aphelocoma	MCZ_Orn_365335.hap2.h2tg000459l	99.647	228751	228469	minus
Aphelocoma	MCZ_Orn_365335.hap2.h2tg000459l	98.951	52627	52912	plus
Aphelocoma	MCZ_Orn_365335.hap2.h2tg000459l	99.293	183765	183483	minus
Aphelocoma	MCZ_Orn_365335.hap1.h1tg002097l	99.301	30205	30490	plus
Aphelocoma	MCZ_Orn_365335.hap1.h1tg000710l	99.301	14501	14786	plus
Aphelocoma	MCZ_Orn_365335.hap1.h1tg000710l	99.301	34035	34320	plus
Aphelocoma	MCZ_Orn_365335.hap1.h1tg000710l	99.301	87085	87370	plus
Aphelocoma	MCZ_Orn_365335.hap1.h1tg000710l	98.951	57582	57867	plus
Aphelocoma	MCZ_Orn_365335.hap1.h1tg000710l	99.293	113475	113193	minus
Aphelocoma	MCZ_Orn_365327.hap2.h2tg000503l	99.647	38261	37979	minus
Aphelocoma	MCZ_Orn_365327.hap2.h2tg000503l	99.647	83411	83129	minus
Aphelocoma	MCZ_Orn_365327.hap2.h2tg000503l	99.293	97636	97354	minus
Aphelocoma	MCZ_Orn_365327.hap2.h2tg000373l	99.301	15914	16199	plus
Aphelocoma	MCZ_Orn_365327.hap2.h2tg000373l	99.301	32867	33152	plus
Aphelocoma	MCZ_Orn_365327.hap2.h2tg000373l	99.301	47175	47460	plus
Aphelocoma	MCZ_Orn_365327.hap2.h2tg000373l	99.301	78792	79077	plus
Aphelocoma	MCZ_Orn_365327.hap2.h2tg000373l	99.301	86749	87034	plus
Aphelocoma	MCZ_Orn_365327.hap2.h2tg000373l	99.647	127040	126758	minus
Aphelocoma	MCZ_Orn_365327.hap2.h2tg000373l	99.647	204827	204545	minus
Aphelocoma	MCZ_Orn_365327.hap1.h1tg000346l	99.301	13646	13931	plus
Aphelocoma	MCZ_Orn_365327.hap1.h1tg000346l	99.301	26495	26780	plus
Aphelocoma	MCZ_Orn_365327.hap1.h1tg000346l	99.301	71460	71745	plus
Aphelocoma	MCZ_Orn_365327.hap1.h1tg000346l	99.301	110222	110507	plus
Aphelocoma	MCZ_Orn_365327.hap1.h1tg000346l	99.647	127162	126880	minus
Aphelocoma	MCZ_Orn_365327.hap1.h1tg000346l	98.951	1720	2005	plus
Aphelocoma	MCZ_orn_366494.hap2.h2tg000296l	95.760	396106	395824	minus
Aphelocoma	MCZ_orn_366494.hap1.h1tg000536l	95.455	442795	443080	plus
Aphelocoma	MCZ_orn_366490.hap1.h1tg000568l	95.455	268581	268866	plus
Aphelocoma	MCZ_orn_365338.hap2.h2tg000279l	95.455	273039	273324	plus
Aphelocoma	MCZ_orn_365326.hap1.h1tg000190l	95.760	606899	606617	minus
Aphelocoma	MCZ_Orn_366499.hap2.h2tg000491l	95.455	246987	247272	plus
Aphelocoma	MCZ_Orn_366499.hap1.h1tg000293l	95.760	178184	177902	minus
Aphelocoma	MCZ_Orn_366498.hap1.h1tg000169l	95.455	2728342	2728627	plus
Aphelocoma	MCZ_Orn_366488.hap2.h2tg000513l	95.760	491347	491065	minus
Aphelocoma	MCZ_Orn_366488.hap1.h1tg000334l	95.455	67698	67983	plus
Aphelocoma	MCZ_Orn_366487.hap2.h2tg000284l	95.760	397220	396938	minus
Aphelocoma	MCZ_Orn_366487.hap1.h1tg000636l	95.760	609006	608724	minus
Aphelocoma	MCZ_Orn_365337.hap1.h1tg000209l	95.455	644562	644847	plus
Aphelocoma	MCZ_Orn_365336.hap2.h2tg000322l	95.455	285239	285524	plus
Aphelocoma	MCZ_Orn_365335.hap2.h2tg000374l	95.760	407865	407583	minus
Aphelocoma	MCZ_Orn_365335.hap1.h1tg000635l	95.760	222754	222472	minus
Aphelocoma	MCZ_Orn_365327.hap2.h2tg000310l	95.760	485305	485023	minus
Aphelocoma	MCZ_Orn_365327.hap2.h2tg000092l	95.760	742558	742276	minus
Aphelocoma	MCZ_orn_366493.hap2.h2tg000230l	95.105	275817	276102	plus
Aphelocoma	MCZ_orn_366493.hap1.h1tg000080l	95.105	278727	279012	plus
Aphelocoma	MCZ_orn_366490.hap2.h2tg000044l	95.406	445237	444955	minus
Aphelocoma	MCZ_orn_365338.hap1.h1tg000528l	95.406	64331	64049	minus
Aphelocoma	MCZ_orn_365326.hap2.h2tg000243l	95.406	720949	720667	minus
Aphelocoma	MCZ_Orn_365337.hap2.h2tg000290l	95.105	942088	942373	plus
Aphelocoma	MCZ_Orn_365336.hap1.h1tg000172l	95.406	578528	578246	minus
Aphelocoma	MCZ_Orn_366498.hap2.h2tg000592l	94.700	284430	284148	minus
Aphelocoma	MCZ_orn_366494.hap2.h2tg000650l	85.882	317363	317279	minus
Aphelocoma	MCZ_orn_366494.hap1.h1tg000402l	87.342	201065	201143	plus
Aphelocoma	MCZ_orn_366493.hap2.h2tg000213l	87.342	502406	502484	plus
Aphelocoma	MCZ_orn_366493.hap1.h1tg000232l	87.342	503045	503123	plus
Aphelocoma	MCZ_orn_366490.hap2.h2tg000079l	87.342	150090	150168	plus
Aphelocoma	MCZ_orn_366490.hap1.h1tg000475l	87.342	258890	258968	plus
Aphelocoma	MCZ_orn_365338.hap2.h2tg000360l	87.342	204758	204836	plus
Aphelocoma	MCZ_orn_365338.hap1.h1tg000104l	87.342	582823	582901	plus
Aphelocoma	MCZ_orn_365326.hap2.h2tg000903l	87.342	311501	311579	plus
Aphelocoma	MCZ_orn_365326.hap1.h1tg000202l	85.882	104455	104371	minus
Aphelocoma	MCZ_Orn_366499.hap2.h2tg000984l	87.342	485110	485188	plus
Aphelocoma	MCZ_Orn_366499.hap1.h1tg000264l	85.882	108534	108450	minus
Aphelocoma	MCZ_Orn_366498.hap1.h1tg000242l	87.342	68944	69022	plus
Aphelocoma	MCZ_Orn_366498.hap1.h1tg000123l	87.342	313208	313286	plus
Aphelocoma	MCZ_Orn_366488.hap2.h2tg000246l	87.342	544481	544559	plus
Aphelocoma	MCZ_Orn_366488.hap1.h1tg000344l	87.342	687273	687351	plus
Aphelocoma	MCZ_Orn_366487.hap2.h2tg000219l	87.342	212133	212211	plus
Aphelocoma	MCZ_Orn_365337.hap2.h2tg000327l	87.342	321998	322076	plus
Aphelocoma	MCZ_Orn_365337.hap1.h1tg000687l	85.882	108201	108117	minus
Aphelocoma	MCZ_Orn_365336.hap2.h2tg000210l	87.342	252404	252482	plus
Aphelocoma	MCZ_Orn_365336.hap1.h1tg000125l	87.342	377030	377108	plus
Aphelocoma	MCZ_Orn_365335.hap2.h2tg000202l	85.882	106044	105960	minus
Aphelocoma	MCZ_Orn_365335.hap1.h1tg000094l	85.882	111567	111483	minus
Aphelocoma	MCZ_Orn_365327.hap2.h2tg000059l	87.342	598204	598282	plus
Aphelocoma	MCZ_Orn_365327.hap1.h1tg000180l	87.342	547738	547816	plus
