NC_054767_exon1_SLC39A7	MCZ_orn_365338.hap1.h1tg000795l	86.508	249173	249424	plus
NC_054767_exon1_SLC39A7	MCZ_orn_365326.hap2.h2tg000420l	86.508	33142	32891	minus
NC_054767_exon1_SLC39A7	MCZ_orn_365326.hap2.h2tg000420l	86.897	34875	34731	minus
NC_054767_exon1_SLC39A7	MCZ_orn_365326.hap2.h2tg000420l	86.207	36388	36244	minus
NC_054767_exon1_SLC39A7	MCZ_Orn_366498.hap2.h2tg000086l	86.508	19611	19360	minus
NC_054767_exon1_SLC39A7	MCZ_Orn_366487.hap2.h2tg001070l	86.508	42030	41779	minus
NC_054767_exon1_SLC39A7	MCZ_Orn_366487.hap1.h1tg001075l	86.508	42030	41779	minus
NC_054767_exon1_SLC39A7	MCZ_Orn_365327.hap2.h2tg000855l	86.508	30904	30653	minus
NC_054767_exon1_SLC39A7	MCZ_Orn_365327.hap1.h1tg000911l	86.508	30904	30653	minus
NC_054767_exon1_SLC39A7	MCZ_orn_366494.hap2.h2tg001175l	86.111	46234	46485	plus
NC_054767_exon1_SLC39A7	MCZ_orn_366494.hap2.h2tg001175l	86.207	45470	45614	plus
NC_054767_exon1_SLC39A7	MCZ_orn_366494.hap1.h1tg001250l	86.111	46234	46485	plus
NC_054767_exon1_SLC39A7	MCZ_orn_366494.hap1.h1tg001250l	86.207	45470	45614	plus
NC_054767_exon1_SLC39A7	MCZ_orn_366490.hap2.h2tg000870l	86.111	273548	273799	plus
NC_054767_exon1_SLC39A7	MCZ_orn_365338.hap2.h2tg000683l	86.111	289062	289313	plus
NC_054767_exon1_SLC39A7	MCZ_Orn_366498.hap1.h1tg000659l	86.111	26519	26268	minus
NC_054767_exon1_SLC39A7	MCZ_Orn_366498.hap1.h1tg000659l	86.207	31046	30902	minus
NC_054767_exon1_SLC39A7	MCZ_Orn_366488.hap2.h2tg000790l	86.111	109586	109837	plus
NC_054767_exon1_SLC39A7	MCZ_Orn_366488.hap1.h1tg000975l	86.111	71690	71941	plus
NC_054767_exon1_SLC39A7	MCZ_Orn_366488.hap1.h1tg000843l	86.111	109586	109837	plus
NC_054767_exon1_SLC39A7	MCZ_Orn_366487.hap2.h2tg000648l	86.111	56437	56186	minus
NC_054767_exon1_SLC39A7	MCZ_Orn_365337.hap1.h1tg000802l	86.111	21407	21156	minus
NC_054767_exon1_SLC39A7	MCZ_Orn_365336.hap2.h2tg000455l	86.111	278114	278365	plus
NC_054767_exon1_SLC39A7	MCZ_Orn_365336.hap1.h1tg000632l	86.166	52536	52285	minus
NC_054767_exon1_SLC39A7	MCZ_Orn_365335.hap2.h2tg000459l	86.111	23109	22858	minus
NC_054767_exon1_SLC39A7	MCZ_Orn_365335.hap1.h1tg000710l	86.111	137882	138133	plus
NC_054767_exon1_SLC39A7	MCZ_Orn_365335.hap1.h1tg000710l	86.111	137070	137213	plus
NC_054767_exon1_SLC39A7	MCZ_orn_365326.hap1.h1tg000679l	85.714	49632	49381	minus
